<?xml version="1.0" encoding="UTF-8"?>
<!-- Generated by org.testng.reporters.JUnitXMLReporter -->
<testsuite ignored="0" hostname="QT-INBG-LT1004" failures="0" tests="8" name="Test" time="85.437" errors="0" timestamp="2022-09-16T17:26:46 IST">
  <testcase classname="AutomationScripts.signup" name="sign" time="17.624"/>
  <testcase classname="AutomationScripts.signup" name="sign" time="15.064"/>
  <testcase classname="AutomationScripts.signin" name="sign" time="9.341"/>
  <testcase classname="AutomationScripts.signin" name="sign" time="9.151"/>
  <testcase classname="AutomationScripts.signin" name="sign" time="8.769"/>
  <testcase classname="AutomationScripts.signin" name="sign" time="8.739"/>
  <testcase classname="AutomationScripts.contactus" name="contactuslandingpage" time="8.07"/>
  <testcase classname="AutomationScripts.contactus" name="contactuslandingpage" time="8.594"/>
</testsuite> <!-- Test -->
